<?xml version="1.0" encoding="UTF-8"?>
<!-- Generated by org.testng.reporters.JUnitReportReporter -->
<testsuite hostname="LAPTOP-8SEKENFG" failures="0" tests="1" name="org.GeneralStoreAppTestPractice.swipeAction" time="15.276" errors="0" timestamp="2022-08-18T23:33:25 IST" skipped="0">
  <testcase classname="org.GeneralStoreAppTestPractice.swipeAction" name="swipe" time="15.276"/>
  <system-out/>
</testsuite> <!-- org.GeneralStoreAppTestPractice.swipeAction -->
