<?xml version="1.0" encoding="UTF-8"?>
<!-- Generated by org.testng.reporters.JUnitReportReporter -->
<testsuite hostname="LAPTOP-8SEKENFG" failures="0" tests="1" name="org.scaleviewdemo.installAppTest" time="30.425" errors="0" timestamp="2022-08-17T21:23:49 IST" skipped="0">
  <testcase classname="org.scaleviewdemo.installAppTest" name="installapp" time="30.425"/>
  <system-out/>
</testsuite> <!-- org.scaleviewdemo.installAppTest -->
