<?xml version="1.0" encoding="UTF-8"?>
<!-- Generated by org.testng.reporters.JUnitReportReporter -->
<testsuite hostname="LAPTOP-8SEKENFG" failures="0" tests="1" name="org.GeneralStoreAppTestPractice.InstallAppTest" time="21.390" errors="0" timestamp="2022-08-17T20:58:39 IST" skipped="0">
  <testcase classname="org.GeneralStoreAppTestPractice.InstallAppTest" name="installapp" time="21.390"/>
  <system-out/>
</testsuite> <!-- org.GeneralStoreAppTestPractice.InstallAppTest -->
