<?xml version="1.0" encoding="UTF-8"?>
<!-- Generated by org.testng.reporters.JUnitReportReporter -->
<testsuite hostname="LAPTOP-8SEKENFG" failures="0" tests="1" name="org.AppiumPractice.switchfromOneAppToOtherApp" time="10.992" errors="0" timestamp="2022-08-18T16:36:00 IST" skipped="0">
  <testcase classname="org.AppiumPractice.switchfromOneAppToOtherApp" name="switchApp" time="10.992"/>
  <system-out/>
</testsuite> <!-- org.AppiumPractice.switchfromOneAppToOtherApp -->
