<?xml version="1.0" encoding="UTF-8"?>
<!-- Generated by org.testng.reporters.JUnitReportReporter -->
<testsuite hostname="LAPTOP-8SEKENFG" failures="0" tests="1" name="org.AppiumPractice.calculatorClickAction" time="202.063" errors="0" timestamp="2022-08-18T10:33:46 IST" skipped="0">
  <testcase classname="org.AppiumPractice.calculatorClickAction" name="calClick" time="202.063"/>
  <system-out/>
</testsuite> <!-- org.AppiumPractice.calculatorClickAction -->
