<?xml version="1.0" encoding="UTF-8"?>
<!-- Generated by org.testng.reporters.JUnitReportReporter -->
<testsuite hostname="LAPTOP-8SEKENFG" failures="0" tests="1" name="org.TestPractice.LaunchApp" time="23.705" errors="0" timestamp="2022-08-17T15:56:47 IST" skipped="0">
  <testcase classname="org.TestPractice.LaunchApp" name="launchApp" time="23.705"/>
  <system-out/>
</testsuite> <!-- org.TestPractice.LaunchApp -->
