<?xml version="1.0" encoding="UTF-8"?>
<!-- Generated by org.testng.reporters.JUnitReportReporter -->
<testsuite hostname="LAPTOP-8SEKENFG" failures="0" tests="1" name="org.scaleviewdemo.unInstallAppTest" time="12.683" errors="0" timestamp="2022-08-17T21:20:54 IST" skipped="0">
  <testcase classname="org.scaleviewdemo.unInstallAppTest" name="unInstallApp" time="12.683"/>
  <system-out/>
</testsuite> <!-- org.scaleviewdemo.unInstallAppTest -->
