<?xml version="1.0" encoding="UTF-8"?>
<!-- Generated by org.testng.reporters.JUnitReportReporter -->
<testsuite hostname="LAPTOP-8SEKENFG" failures="0" tests="1" name="org.AppiumPractice.keyActionsAndroid" time="13.873" errors="0" timestamp="2022-08-20T12:22:22 IST" skipped="0">
  <testcase classname="org.AppiumPractice.keyActionsAndroid" name="keyActions" time="13.873"/>
  <system-out/>
</testsuite> <!-- org.AppiumPractice.keyActionsAndroid -->
