<?xml version="1.0" encoding="UTF-8"?>
<!-- Generated by org.testng.reporters.JUnitReportReporter -->
<testsuite hostname="LAPTOP-8SEKENFG" failures="0" tests="1" name="org.scaleviewdemo.runAppInBackGround" time="17.916" errors="0" timestamp="2022-08-18T22:48:52 IST" skipped="0">
  <testcase classname="org.scaleviewdemo.runAppInBackGround" name="runAppInBackground" time="17.916"/>
  <system-out/>
</testsuite> <!-- org.scaleviewdemo.runAppInBackGround -->
