<?xml version="1.0" encoding="UTF-8"?>
<!-- Generated by org.testng.reporters.JUnitReportReporter -->
<testsuite hostname="LAPTOP-8SEKENFG" failures="0" tests="1" name="org.AppiumPractice.orientationPractice" time="13.786" errors="0" timestamp="2022-08-18T14:40:22 IST" skipped="0">
  <testcase classname="org.AppiumPractice.orientationPractice" name="connectionPracticeclass" time="13.786"/>
  <system-out/>
</testsuite> <!-- org.AppiumPractice.orientationPractice -->
