<?xml version="1.0" encoding="UTF-8"?>
<!-- Generated by org.testng.reporters.JUnitReportReporter -->
<testsuite hostname="LAPTOP-8SEKENFG" failures="0" tests="1" name="org.AppiumPractice.BigbasketEndtoEndsc2" time="35.417" errors="0" timestamp="2022-08-24T23:45:30 IST" skipped="0">
  <testcase classname="org.AppiumPractice.BigbasketEndtoEndsc2" name="bigBasketscenario2" time="35.417"/>
  <system-out/>
</testsuite> <!-- org.AppiumPractice.BigbasketEndtoEndsc2 -->
