<?xml version="1.0" encoding="UTF-8"?>
<!-- Generated by org.testng.reporters.JUnitReportReporter -->
<testsuite hostname="LAPTOP-8SEKENFG" failures="0" tests="1" name="org.touchscreenApp.installApp" time="22.659" errors="0" timestamp="2022-08-17T22:21:33 IST" skipped="0">
  <testcase classname="org.touchscreenApp.installApp" name="installapp" time="22.659"/>
  <system-out/>
</testsuite> <!-- org.touchscreenApp.installApp -->
