<?xml version="1.0" encoding="UTF-8"?>
<!-- Generated by org.testng.reporters.JUnitReportReporter -->
<testsuite hostname="LAPTOP-8SEKENFG" failures="0" tests="1" name="org.AppiumPractice.tapActionCalculator$calculatorClickAction" time="250.158" errors="0" timestamp="2022-08-18T10:45:06 IST" skipped="0">
  <testcase classname="org.AppiumPractice.tapActionCalculator$calculatorClickAction" name="calClick" time="250.158"/>
  <system-out/>
</testsuite> <!-- org.AppiumPractice.tapActionCalculator$calculatorClickAction -->
