<?xml version="1.0" encoding="UTF-8"?>
<!-- Generated by org.testng.reporters.JUnitReportReporter -->
<testsuite hostname="LAPTOP-8SEKENFG" failures="0" tests="1" name="org.AppiumPractice.backGroundAppRunningPractice" time="18.616" errors="0" timestamp="2022-08-18T14:43:40 IST" skipped="0">
  <testcase classname="org.AppiumPractice.backGroundAppRunningPractice" name="appRunInBackground" time="18.616"/>
  <system-out/>
</testsuite> <!-- org.AppiumPractice.backGroundAppRunningPractice -->
