<?xml version="1.0" encoding="UTF-8"?>
<!-- Generated by org.testng.reporters.JUnitReportReporter -->
<testsuite hostname="LAPTOP-8SEKENFG" failures="0" tests="1" name="org.scaleviewdemo.oreintationPractice" time="62.649" errors="0" timestamp="2022-08-18T22:41:14 IST" skipped="0">
  <testcase classname="org.scaleviewdemo.oreintationPractice" name="orientation" time="62.649"/>
  <system-out/>
</testsuite> <!-- org.scaleviewdemo.oreintationPractice -->
