<?xml version="1.0" encoding="UTF-8"?>
<!-- Generated by org.testng.reporters.JUnitReportReporter -->
<testsuite hostname="LAPTOP-8SEKENFG" failures="0" tests="1" name="org.AppiumPractice.scrollAction" time="43.260" errors="0" timestamp="2022-08-24T14:34:12 IST" skipped="0">
  <testcase classname="org.AppiumPractice.scrollAction" name="scroll" time="43.260"/>
  <system-out/>
</testsuite> <!-- org.AppiumPractice.scrollAction -->
