<?xml version="1.0" encoding="UTF-8"?>
<!-- Generated by org.testng.reporters.JUnitReportReporter -->
<testsuite hostname="LAPTOP-8SEKENFG" failures="0" tests="1" name="org.GeneralStoreAppTestPractice.UninstallAppTest" time="14.791" errors="0" timestamp="2022-08-17T20:46:25 IST" skipped="0">
  <testcase classname="org.GeneralStoreAppTestPractice.UninstallAppTest" name="uninstallApp" time="14.791"/>
  <system-out/>
</testsuite> <!-- org.GeneralStoreAppTestPractice.UninstallAppTest -->
