<?xml version="1.0" encoding="UTF-8"?>
<!-- Generated by org.testng.reporters.JUnitReportReporter -->
<testsuite hostname="LAPTOP-8SEKENFG" failures="0" tests="2" name="org.AppiumPractice.ParallelExecution" time="36.293" errors="0" timestamp="2022-08-19T11:05:32 IST" skipped="0">
  <testcase classname="org.AppiumPractice.ParallelExecution" name="parallel" time="20.467"/>
  <system-out/>
  <testcase classname="org.AppiumPractice.ParallelExecution" name="parallel" time="15.826"/>
  <system-out/>
</testsuite> <!-- org.AppiumPractice.ParallelExecution -->
