<?xml version="1.0" encoding="UTF-8"?>
<!-- Generated by org.testng.reporters.JUnitReportReporter -->
<testsuite hostname="LAPTOP-8SEKENFG" failures="0" tests="1" name="org.AppiumPractice.DragNDropPractice" time="23.944" errors="0" timestamp="2022-08-18T16:39:01 IST" skipped="0">
  <testcase classname="org.AppiumPractice.DragNDropPractice" name="DragDrop" time="23.944"/>
  <system-out/>
</testsuite> <!-- org.AppiumPractice.DragNDropPractice -->
