<?xml version="1.0" encoding="UTF-8"?>
<!-- Generated by org.testng.reporters.JUnitReportReporter -->
<testsuite hostname="LAPTOP-8SEKENFG" failures="0" tests="1" name="org.AppiumPractice.connectinPractice" time="23.846" errors="0" timestamp="2022-08-18T14:33:13 IST" skipped="0">
  <testcase classname="org.AppiumPractice.connectinPractice" name="connectionPracticeclass" time="23.846"/>
  <system-out/>
</testsuite> <!-- org.AppiumPractice.connectinPractice -->
