<?xml version="1.0" encoding="UTF-8"?>
<!-- Generated by org.testng.reporters.JUnitReportReporter -->
<testsuite hostname="LAPTOP-8SEKENFG" failures="0" tests="1" name="org.GeneralStoreAppTestPractice.LaunchTest" time="17.735" errors="0" timestamp="2022-08-17T20:43:53 IST" skipped="0">
  <testcase classname="org.GeneralStoreAppTestPractice.LaunchTest" name="launchapp" time="17.735"/>
  <system-out/>
</testsuite> <!-- org.GeneralStoreAppTestPractice.LaunchTest -->
