<?xml version="1.0" encoding="UTF-8"?>
<!-- Generated by org.testng.reporters.JUnitReportReporter -->
<testsuite hostname="LAPTOP-8SEKENFG" failures="0" tests="1" name="org.AppiumPractice.BigBasket" time="33.774" errors="0" timestamp="2022-08-24T23:36:31 IST" skipped="0">
  <testcase classname="org.AppiumPractice.BigBasket" name="bigBasket" time="33.774"/>
  <system-out/>
</testsuite> <!-- org.AppiumPractice.BigBasket -->
