<?xml version="1.0" encoding="UTF-8"?>
<!-- Generated by org.testng.reporters.JUnitReportReporter -->
<testsuite hostname="LAPTOP-8SEKENFG" failures="0" tests="1" name="org.scaleviewdemo.LaunchAppTest" time="16.083" errors="0" timestamp="2022-08-17T21:16:20 IST" skipped="0">
  <testcase classname="org.scaleviewdemo.LaunchAppTest" name="launchapp" time="16.083"/>
  <system-out/>
</testsuite> <!-- org.scaleviewdemo.LaunchAppTest -->
