<?xml version="1.0" encoding="UTF-8"?>
<!-- Generated by org.testng.reporters.JUnitReportReporter -->
<testsuite hostname="LAPTOP-8SEKENFG" failures="0" tests="1" name="org.AppiumPractice.ToastMsg" time="12.699" errors="0" timestamp="2022-08-19T15:36:45 IST" skipped="0">
  <testcase classname="org.AppiumPractice.ToastMsg" name="scroll" time="12.699"/>
  <system-out/>
</testsuite> <!-- org.AppiumPractice.ToastMsg -->
