<?xml version="1.0" encoding="UTF-8"?>
<!-- Generated by org.testng.reporters.JUnitReportReporter -->
<testsuite hostname="LAPTOP-8SEKENFG" failures="0" tests="1" name="org.AppiumPractice.GeneralStorePractice" time="17.012" errors="0" timestamp="2022-08-20T11:38:27 IST" skipped="0">
  <testcase classname="org.AppiumPractice.GeneralStorePractice" name="generalStore" time="17.012"/>
  <system-out/>
</testsuite> <!-- org.AppiumPractice.GeneralStorePractice -->
