<?xml version="1.0" encoding="UTF-8"?>
<!-- Generated by org.testng.reporters.JUnitReportReporter -->
<testsuite hostname="LAPTOP-8SEKENFG" failures="0" tests="1" name="org.touchscreenApp.unInstallApp" time="15.048" errors="0" timestamp="2022-08-17T22:20:55 IST" skipped="0">
  <testcase classname="org.touchscreenApp.unInstallApp" name="unInstallApp" time="15.048"/>
  <system-out/>
</testsuite> <!-- org.touchscreenApp.unInstallApp -->
