<?xml version="1.0" encoding="UTF-8"?>
<!-- Generated by org.testng.reporters.JUnitReportReporter -->
<testsuite hostname="LAPTOP-8SEKENFG" failures="0" tests="1" name="org.GeneralStoreAppTestPractice.switchFromOneAppToOther" time="12.372" errors="0" timestamp="2022-08-18T23:47:01 IST" skipped="0">
  <testcase classname="org.GeneralStoreAppTestPractice.switchFromOneAppToOther" name="switchFromOneToother" time="12.372"/>
  <system-out/>
</testsuite> <!-- org.GeneralStoreAppTestPractice.switchFromOneAppToOther -->
