<?xml version="1.0" encoding="UTF-8"?>
<!-- Generated by org.testng.reporters.JUnitReportReporter -->
<testsuite hostname="LAPTOP-8SEKENFG" failures="0" tests="1" name="org.ApiDemosPracticeTest.InstallApp" time="31.009" errors="0" timestamp="2022-08-17T22:04:57 IST" skipped="0">
  <testcase classname="org.ApiDemosPracticeTest.InstallApp" name="installApp" time="31.009"/>
  <system-out/>
</testsuite> <!-- org.ApiDemosPracticeTest.InstallApp -->
