<?xml version="1.0" encoding="UTF-8"?>
<!-- Generated by org.testng.reporters.JUnitReportReporter -->
<testsuite hostname="LAPTOP-8SEKENFG" failures="0" tests="1" name="org.AppiumPractice.apiDemosPractice" time="41.164" errors="0" timestamp="2022-08-18T13:31:54 IST" skipped="0">
  <testcase classname="org.AppiumPractice.apiDemosPractice" name="apiDemo" time="41.164"/>
  <system-out/>
</testsuite> <!-- org.AppiumPractice.apiDemosPractice -->
