<?xml version="1.0" encoding="UTF-8"?>
<!-- Generated by org.testng.reporters.JUnitReportReporter -->
<testsuite hostname="LAPTOP-8SEKENFG" failures="0" tests="1" name="org.touchscreenApp.launchApp" time="16.972" errors="0" timestamp="2022-08-17T22:20:07 IST" skipped="0">
  <testcase classname="org.touchscreenApp.launchApp" name="launchapp" time="16.972"/>
  <system-out/>
</testsuite> <!-- org.touchscreenApp.launchApp -->
