<?xml version="1.0" encoding="UTF-8"?>
<!-- Generated by org.testng.reporters.JUnitReportReporter -->
<testsuite hostname="LAPTOP-8SEKENFG" failures="0" tests="1" name="org.TestPractice.UnInstallApp" time="9.259" errors="0" timestamp="2022-08-17T17:10:01 IST" skipped="0">
  <testcase classname="org.TestPractice.UnInstallApp" name="uninstallApp" time="9.259"/>
  <system-out/>
</testsuite> <!-- org.TestPractice.UnInstallApp -->
