<?xml version="1.0" encoding="UTF-8"?>
<!-- Generated by org.testng.reporters.JUnitReportReporter -->
<testsuite hostname="LAPTOP-8SEKENFG" failures="0" tests="1" name="org.GeneralStoreAppTestPractice.runAppInBackGround" time="12.624" errors="0" timestamp="2022-08-18T23:50:20 IST" skipped="0">
  <testcase classname="org.GeneralStoreAppTestPractice.runAppInBackGround" name="runAppInBackGround" time="12.624"/>
  <system-out/>
</testsuite> <!-- org.GeneralStoreAppTestPractice.runAppInBackGround -->
