<?xml version="1.0" encoding="UTF-8"?>
<!-- Generated by org.testng.reporters.JUnitReportReporter -->
<testsuite hostname="LAPTOP-8SEKENFG" failures="0" tests="1" name="org.AppiumPractice.swipeActions" time="11.623" errors="0" timestamp="2022-08-18T16:42:53 IST" skipped="0">
  <testcase classname="org.AppiumPractice.swipeActions" name="swipeAction" time="11.623"/>
  <system-out/>
</testsuite> <!-- org.AppiumPractice.swipeActions -->
